 # substitutions Si/Ge:            1
 Configuration           0 src/c0000.gin                                                                                                           
 ===============
 Cell parameters
   11.9020996       11.9020996       29.6919994       90.0000000       90.0000000       120.000000    
 Atom coordinates
Si   core
  0.699599981      0.375699997       3.38900015E-02
Si   core
  0.624300003      0.323900014      0.367223412    
Si   core
  0.676100016      0.300399989      0.700556695    
Si   core
  0.300399989      0.624300003      0.533890009    
Si   core
  0.375699997      0.676100016      0.867223322    
Si   core
  0.323900014      0.699599981      0.200556695    
Si   core
  0.375699997      0.699599981      0.299443305    
Si   core
  0.323900014      0.624300003      0.966109991    
Si   core
  0.300399989      0.676100016      0.632776678    
Si   core
  0.624300003      0.300399989      0.799443305    
Si   core
  0.676100016      0.375699997      0.466109991    
Si   core
  0.699599981      0.323900014      0.132776707    
Si   core
  0.530300021      0.413399994      0.966870010    
Si   core
  0.586600006      0.116899997      0.300203294    
Si   core
  0.883099973      0.469700009      0.633536696    
Si   core
  0.469700009      0.586600006      0.466870099    
Si   core
  0.413399994      0.883099973      0.800203323    
Si   core
  0.116899997      0.530300021      0.133536696    
Si   core
  0.413399994      0.530300021      0.366463304    
Si   core
  0.116899997      0.586600006       3.31300013E-02
Si   core
  0.469700009      0.883099973      0.699796677    
Si   core
  0.586600006      0.469700009      0.866463304    
Si   core
  0.883099973      0.413399994      0.533129990    
Si   core
  0.530300021      0.116899997      0.199796706    
Si   core
  0.298799992      0.394300014      0.851189971    
Si   core
  0.605700016      0.904500008      0.184523299    
Si   core
   9.54999998E-02  0.701200008      0.517856598    
Si   core
  0.701200008      0.605700016      0.351190001    
Si   core
  0.394300014       9.54999998E-02  0.684523284    
Si   core
  0.904500008      0.298799992       1.78565998E-02
Si   core
  0.394300014      0.298799992      0.482143402    
Si   core
  0.904500008      0.605700016      0.148809999    
Si   core
  0.701200008       9.54999998E-02  0.815476716    
Si   core
  0.605700016      0.701200008      0.982143283    
Si   core
   9.54999998E-02  0.394300014      0.648810029    
Si   core
  0.298799992      0.904500008      0.315476686    
Si   core
  0.248500004      0.334899992      0.952099979    
Si   core
  0.665099978      0.913600028      0.285433292    
Si   core
   8.64000022E-02  0.751500010      0.618766725    
Si   core
  0.751500010      0.665099978      0.452100009    
Si   core
  0.334899992       8.64000022E-02  0.785433292    
Si   core
  0.913600028      0.248500004      0.118766703    
Si   core
  0.334899992      0.248500004      0.381233305    
Si   core
  0.913600028      0.665099978       4.78999987E-02
Si   core
  0.751500010       8.64000022E-02  0.714566708    
Si   core
  0.665099978      0.751500010      0.881233275    
Si   core
   8.64000022E-02  0.334899992      0.547900021    
Si   core
  0.248500004      0.913600028      0.214566693    
Si   core
  0.970200002      0.122900002      0.966970026    
Si   core
  0.877099991      0.847299993      0.300303310    
Si   core
  0.152700007       2.97999997E-02  0.633636713    
Si   core
   2.97999997E-02  0.877099991      0.466969997    
Si   core
  0.122900002      0.152700007      0.800303280    
Si   core
  0.847299993      0.970200002      0.133636698    
Si   core
  0.122900002      0.970200002      0.366363287    
Si   core
  0.847299993      0.877099991       3.30299996E-02
Si   core
   2.97999997E-02  0.152700007      0.699696720    
Si   core
  0.877099991       2.97999997E-02  0.866363287    
Si   core
  0.152700007      0.122900002      0.533029974    
Si   core
  0.970200002      0.847299993      0.199696705    
 Read relation between unique and dependent configurations
 One substitution:
           1   5.97851562    
           1           2   5.97851562    
           1           3   5.97851562    
           1           4   5.97851562    
           1           5   5.97851562    
           1           6   5.97851562    
           1           7   5.97851562    
           1           8   5.97851562    
           1           9   5.97851562    
           1          10   5.97851562    
           1          11   5.97851562    
           1          12   5.97851562    
          13   6.03759766    
          13          14   6.03759766    
          13          15   6.03759766    
          13          16   6.03759766    
          13          17   6.03759766    
          13          18   6.03759766    
          13          19   6.03759766    
          13          20   6.03759766    
          13          21   6.03759766    
          13          22   6.03759766    
          13          23   6.03759766    
          13          24   6.03759766    
          25   6.24707031    
          25          26   6.24707031    
          25          27   6.24707031    
          25          28   6.24707031    
          25          29   6.24707031    
          25          30   6.24707031    
          25          31   6.24707031    
          25          32   6.24707031    
          25          33   6.24707031    
          25          34   6.24707031    
          25          35   6.24707031    
          25          36   6.24707031    
          37   6.32421875    
          37          38   6.32421875    
          37          39   6.32421875    
          37          40   6.32421875    
          37          41   6.32421875    
          37          42   6.32421875    
          37          43   6.32421875    
          37          44   6.32421875    
          37          45   6.32421875    
          37          46   6.32421875    
          37          47   6.32421875    
          37          48   6.32421875    
          49   6.83886719    
          49          50   6.83886719    
          49          51   6.83886719    
          49          52   6.83886719    
          49          53   6.83886719    
          49          54   6.83886719    
          49          55   6.83886719    
          49          56   6.83886719    
          49          57   6.83886719    
          49          58   6.83886719    
          49          59   6.83886719    
          49          60   6.83886719    
 Two substitutions:
 3 substitutions:
 4 substitutions:
Random Seed:   919363817
Number of atoms:    60
Space Group:    1
Cell:
    11.9020996    11.9020996    29.6919994    90.0000000    90.0000000   120.0000000
Box:
    11.9020996    -5.9510503     0.0000000
     0.0000000    10.3075209     0.0000000
     0.0000000     0.0000000    29.6919994
----------------------------------------
Inverse Box:
     0.0840188     0.0485083     0.0000000
     0.0000000     0.0970165     0.0000000
     0.0000000     0.0000000     0.0336791
----------------------------------------
Repulsive substitution with cost-function:
cost = 1/(s - p0),  p0 = 3.40 10^-10 m, if s >= p0
cost =   10000000.000 if s <  p0
     Crystalographic positions                  Cost     Label
    -7739.6201171875 ...........................#................................     28
==============================================
MonteCarlo: Metropolis with identity changes
Si > Ge, Ge > Si. STOP when occurrence <    0.00000
==============================================
Cost_function     Occurrence %     Scan-Cost
    -7739.8886718750 ....#....................................................... (     0: 1)
    -7739.8295898438 .............#.............................................. (    12: 1)
    -7739.8886718750 ...#........................................................ (    13: 1)
    -7739.8295898438 .................#.......................................... (    14: 1)
    -7739.8886718750 ....#....................................................... (    15: 1)
    -7739.8295898438 .............#.............................................. (    20: 1)
    -7739.8886718750 ...#........................................................ (    21: 1)
    -7739.8295898438 .....................#...................................... (    27: 1)
    -7739.8886718750 ...........#................................................ (    28: 1)
    -7739.8295898438 .....................#...................................... (    30: 1)
    -7739.8886718750 .....#...................................................... (    31: 1)
    -7739.8295898438 ..............#............................................. (    34: 1)
    -7739.8886718750 .#.......................................................... (    35: 1)
    -7739.8295898438 .................#.......................................... (    41: 1)
    -7739.8886718750 ...........#................................................ (    43: 1)
    -7739.8295898438 .................#.......................................... (    53: 1)
    -7739.8886718750 ........#................................................... (    55: 1)
    -7739.8295898438 ....................#....................................... (    59: 1)
    -7739.8886718750 ...#........................................................ (    60: 1)
    -7739.8295898438 ......................#..................................... (    62: 1)
    -7739.8886718750 .....#...................................................... (    63: 1)
    -7739.8295898438 .................#.......................................... (    80: 1)
    -7739.8886718750 ...#........................................................ (    82: 1)
    -7739.8295898438 .....................#...................................... (    86: 1)
    -7739.8886718750 .#.......................................................... (    87: 1)
    -7739.8295898438 .................#.......................................... (    92: 1)
    -7739.8886718750 ..#......................................................... (    94: 1)
    -7739.8295898438 ....................#....................................... (    98: 1)
    -7739.8886718750 ...#........................................................ (    99: 1)
    -7739.8295898438 .....................#...................................... (   101: 1)
    -7739.8886718750 .....#...................................................... (   102: 1)
    -7739.8295898438 .................#.......................................... (   119: 1)
    -7739.8886718750 ...#........................................................ (   121: 1)
    -7739.8295898438 ......................#..................................... (   123: 1)
    -7739.8886718750 ..#......................................................... (   124: 1)
    -7739.8295898438 ......................#..................................... (   125: 1)
    -7739.8886718750 ...#........................................................ (   126: 1)
    -7739.8295898438 ..............#............................................. (   131: 1)
    -7739.8886718750 .......#.................................................... (   133: 1)
    -7739.8295898438 ............#............................................... (   137: 1)
    -7739.8886718750 .......#.................................................... (   138: 1)
    -7739.8295898438 .....................#...................................... (   140: 1)
    -7739.8886718750 .....#...................................................... (   141: 1)
    -7739.8295898438 .............#.............................................. (   148: 1)
    -7739.8886718750 ...#........................................................ (   149: 1)
    -7739.8295898438 ...............#............................................ (   152: 1)
    -7739.8886718750 .....#...................................................... (   153: 1)
    -7739.8295898438 ...................#........................................ (   158: 1)
    -7739.8886718750 ...#........................................................ (   160: 1)
    -7739.8295898438 .......................#.................................... (   162: 1)
    -7739.8886718750 .#.......................................................... (   163: 1)
    -7739.8295898438 ......................#..................................... (   164: 1)
    -7739.8886718750 ...#........................................................ (   165: 1)
    -7739.8295898438 ..............#............................................. (   170: 1)
    -7739.8886718750 ...........#................................................ (   171: 1)
    -7739.8295898438 .............#.............................................. (   179: 1)
    -7739.8886718750 ...#........................................................ (   180: 1)
    -7739.8295898438 .................#.......................................... (   181: 1)
    -7739.8886718750 ....#....................................................... (   182: 1)
    -7739.8295898438 .............#.............................................. (   187: 1)
    -7739.8886718750 ...#........................................................ (   188: 1)
    -7739.8295898438 .....................#...................................... (   194: 1)
    -7739.8886718750 ...........#................................................ (   195: 1)
    -7739.8295898438 .....................#...................................... (   197: 1)
    -7739.8886718750 .....#...................................................... (   198: 1)
filename: c1853087775.gin
 energia:   -7739.88867    
Repulsive substitution with cost-function:
cost = 1/(s - p0),  p0 = 3.40 10^-10 m, if s >= p0
cost =   10000000.000 if s <  p0
     Crystalographic positions                  Cost     Label
    -7739.0283203125 ...........................................................#     60
==============================================
MonteCarlo: Metropolis with identity changes
Si > Ge, Ge > Si. STOP when occurrence <    0.00000
==============================================
Cost_function     Occurrence %     Scan-Cost
    -7739.8886718750 ...........#................................................ (     0: 2)
    -7739.8295898438 .................#.......................................... (     1: 2)
    -7739.8886718750 ..........#................................................. (     2: 2)
    -7739.8295898438 ....................#....................................... (     5: 2)
    -7739.8886718750 ....#....................................................... (     6: 2)
    -7739.8295898438 ...............#............................................ (     7: 2)
    -7739.8886718750 ...........#................................................ (     8: 2)
    -7739.8295898438 .......................#.................................... (    10: 2)
    -7739.8886718750 ......#..................................................... (    11: 2)
    -7739.8295898438 ....................#....................................... (    12: 2)
    -7739.8886718750 ...........#................................................ (    14: 2)
    -7739.8295898438 ............#............................................... (    19: 2)
    -7739.8886718750 .......#.................................................... (    20: 2)
    -7739.8295898438 ..................#......................................... (    29: 2)
    -7739.8886718750 .......#.................................................... (    31: 2)
    -7739.6201171875 .................................#.......................... (    46: 2)
    -7739.8886718750 ....#....................................................... (    47: 2)
    -7739.8295898438 .............#.............................................. (    48: 2)
    -7739.8886718750 ...........#................................................ (    49: 2)
    -7739.8295898438 .......................#.................................... (    53: 2)
    -7739.8886718750 ...........#................................................ (    55: 2)
    -7739.8295898438 ..................#......................................... (    64: 2)
    -7739.8886718750 ....#....................................................... (    65: 2)
    -7739.8295898438 .............#.............................................. (    67: 2)
    -7739.8886718750 #........................................................... (    68: 2)
    -7739.8295898438 ......................#..................................... (    70: 2)
    -7739.8886718750 ....#....................................................... (    71: 2)
    -7739.8295898438 ....................#....................................... (    81: 2)
    -7739.8886718750 ....#....................................................... (    82: 2)
    -7739.8295898438 ......................#..................................... (    83: 2)
    -7739.8886718750 ...........#................................................ (    84: 2)
    -7739.8295898438 .................#.......................................... (    87: 2)
    -7739.8886718750 ....#....................................................... (    88: 2)
    -7739.8295898438 ......................#..................................... (    89: 2)
    -7739.8886718750 ...........#................................................ (    90: 2)
    -7739.8295898438 ..................#......................................... (    94: 2)
    -7739.8886718750 .......#.................................................... (    96: 2)
    -7739.8295898438 .....................#...................................... (   107: 2)
    -7739.8886718750 #........................................................... (   108: 2)
    -7739.8295898438 ....................#....................................... (   122: 2)
    -7739.8886718750 ....#....................................................... (   123: 2)
    -7739.8295898438 ...............#............................................ (   124: 2)
    -7739.8886718750 ...........#................................................ (   125: 2)
    -7739.8295898438 .......................#.................................... (   127: 2)
    -7739.8886718750 ......#..................................................... (   128: 2)
    -7739.8295898438 ....................#....................................... (   129: 2)
    -7739.8886718750 ...........#................................................ (   131: 2)
    -7739.8295898438 ............#............................................... (   136: 2)
    -7739.8886718750 .......#.................................................... (   137: 2)
    -7739.8295898438 ..................#......................................... (   146: 2)
    -7739.8886718750 .......#.................................................... (   148: 2)
    -7739.6201171875 .................................#.......................... (   163: 2)
    -7739.8886718750 ....#....................................................... (   164: 2)
    -7739.8295898438 .............#.............................................. (   165: 2)
    -7739.8886718750 ...........#................................................ (   166: 2)
    -7739.8295898438 .......................#.................................... (   170: 2)
    -7739.8886718750 ...........#................................................ (   172: 2)
    -7739.8295898438 ..................#......................................... (   181: 2)
    -7739.8886718750 ....#....................................................... (   182: 2)
    -7739.8295898438 .............#.............................................. (   184: 2)
    -7739.8886718750 #........................................................... (   185: 2)
    -7739.8295898438 ......................#..................................... (   187: 2)
    -7739.8886718750 ....#....................................................... (   188: 2)
    -7739.8295898438 ....................#....................................... (   198: 2)
    -7739.8886718750 ....#....................................................... (   199: 2)
    -7739.8295898438 ......................#..................................... (   200: 2)
filename: c1710460664.gin
 energia:   -7739.82959    
Repulsive substitution with cost-function:
cost = 1/(s - p0),  p0 = 3.40 10^-10 m, if s >= p0
cost =   10000000.000 if s <  p0
     Crystalographic positions                  Cost     Label
    -7739.6201171875 ...........................#................................     28
==============================================
MonteCarlo: Metropolis with identity changes
Si > Ge, Ge > Si. STOP when occurrence <    0.00000
==============================================
Cost_function     Occurrence %     Scan-Cost
    -7739.8295898438 .....................#...................................... (     0: 3)
    -7739.8886718750 ..........#................................................. (     1: 3)
    -7739.8295898438 ......................#..................................... (     8: 3)
    -7739.8886718750 ....#....................................................... (     9: 3)
    -7739.8295898438 ..................#......................................... (    19: 3)
    -7739.8886718750 ...........#................................................ (    21: 3)
    -7739.8295898438 .............#.............................................. (    30: 3)
    -7739.8886718750 ....#....................................................... (    31: 3)
    -7739.8295898438 ................#........................................... (    32: 3)
    -7739.8886718750 #........................................................... (    34: 3)
    -7739.8295898438 ......................#..................................... (    36: 3)
    -7739.8886718750 .....#...................................................... (    37: 3)
    -7739.8295898438 ....................#....................................... (    47: 3)
    -7739.8886718750 ....#....................................................... (    48: 3)
    -7739.8295898438 ......................#..................................... (    49: 3)
    -7739.8886718750 ...........#................................................ (    50: 3)
    -7739.8295898438 .................#.......................................... (    53: 3)
    -7739.8886718750 ....#....................................................... (    54: 3)
    -7739.8295898438 ............#............................................... (    55: 3)
    -7739.8886718750 ...........#................................................ (    56: 3)
    -7739.8295898438 ............#............................................... (    61: 3)
    -7739.8886718750 .......#.................................................... (    62: 3)
    -7739.8295898438 ....................#....................................... (    88: 3)
    -7739.8886718750 ....#....................................................... (    89: 3)
    -7739.8295898438 .......................#.................................... (    90: 3)
    -7739.8886718750 ...........#................................................ (    91: 3)
    -7739.8295898438 ...............#............................................ (    95: 3)
    -7739.8886718750 ...........#................................................ (    97: 3)
    -7739.8295898438 ..................#......................................... (   112: 3)
    -7739.8886718750 ...#........................................................ (   114: 3)
    -7739.8295898438 ......................#..................................... (   125: 3)
    -7739.8886718750 ....#....................................................... (   126: 3)
    -7739.8295898438 ..................#......................................... (   136: 3)
    -7739.8886718750 ...........#................................................ (   138: 3)
    -7739.8295898438 .............#.............................................. (   147: 3)
    -7739.8886718750 ....#....................................................... (   148: 3)
    -7739.8295898438 ................#........................................... (   149: 3)
    -7739.8886718750 #........................................................... (   151: 3)
    -7739.8295898438 ......................#..................................... (   153: 3)
    -7739.8886718750 .....#...................................................... (   154: 3)
    -7739.8295898438 ....................#....................................... (   164: 3)
    -7739.8886718750 ....#....................................................... (   165: 3)
    -7739.8295898438 ......................#..................................... (   166: 3)
    -7739.8886718750 ...........#................................................ (   167: 3)
    -7739.8295898438 .................#.......................................... (   170: 3)
    -7739.8886718750 ....#....................................................... (   171: 3)
    -7739.8295898438 ............#............................................... (   172: 3)
    -7739.8886718750 ...........#................................................ (   173: 3)
    -7739.8295898438 ............#............................................... (   178: 3)
    -7739.8886718750 .......#.................................................... (   179: 3)
filename: c1006687584.gin
 energia:   -7739.88867    
Repulsive substitution with cost-function:
cost = 1/(s - p0),  p0 = 3.40 10^-10 m, if s >= p0
cost =   10000000.000 if s <  p0
     Crystalographic positions                  Cost     Label
    -7739.8295898438 .....................#......................................     22
==============================================
MonteCarlo: Metropolis with identity changes
Si > Ge, Ge > Si. STOP when occurrence <    0.00000
==============================================
Cost_function     Occurrence %     Scan-Cost
    -7739.8886718750 ...#........................................................ (     0: 4)
    -7739.8295898438 .............#.............................................. (     8: 4)
    -7739.8886718750 ...#........................................................ (     9: 4)
    -7739.8295898438 .................#.......................................... (    10: 4)
    -7739.8886718750 ....#....................................................... (    11: 4)
    -7739.8295898438 .............#.............................................. (    16: 4)
    -7739.8886718750 ...#........................................................ (    17: 4)
    -7739.8295898438 .....................#...................................... (    23: 4)
    -7739.8886718750 ...........#................................................ (    24: 4)
    -7739.8295898438 .....................#...................................... (    26: 4)
    -7739.8886718750 .....#...................................................... (    27: 4)
    -7739.8295898438 ..............#............................................. (    30: 4)
    -7739.8886718750 .#.......................................................... (    31: 4)
    -7739.8295898438 .................#.......................................... (    37: 4)
    -7739.8886718750 ...........#................................................ (    39: 4)
    -7739.8295898438 .................#.......................................... (    49: 4)
    -7739.8886718750 ........#................................................... (    51: 4)
    -7739.8295898438 ....................#....................................... (    55: 4)
    -7739.8886718750 ...#........................................................ (    56: 4)
    -7739.8295898438 ......................#..................................... (    58: 4)
    -7739.8886718750 .....#...................................................... (    59: 4)
    -7739.8295898438 .................#.......................................... (    76: 4)
    -7739.8886718750 ...#........................................................ (    78: 4)
    -7739.8295898438 .....................#...................................... (    82: 4)
    -7739.8886718750 .#.......................................................... (    83: 4)
    -7739.8295898438 .................#.......................................... (    88: 4)
    -7739.8886718750 ..#......................................................... (    90: 4)
    -7739.8295898438 ....................#....................................... (    94: 4)
    -7739.8886718750 ...#........................................................ (    95: 4)
    -7739.8295898438 .....................#...................................... (    97: 4)
    -7739.8886718750 .....#...................................................... (    98: 4)
    -7739.8295898438 .................#.......................................... (   115: 4)
    -7739.8886718750 ...#........................................................ (   117: 4)
    -7739.8295898438 ......................#..................................... (   119: 4)
    -7739.8886718750 ..#......................................................... (   120: 4)
    -7739.8295898438 ......................#..................................... (   121: 4)
    -7739.8886718750 ...#........................................................ (   122: 4)
    -7739.8295898438 ..............#............................................. (   127: 4)
    -7739.8886718750 .......#.................................................... (   129: 4)
    -7739.8295898438 ............#............................................... (   133: 4)
    -7739.8886718750 .......#.................................................... (   134: 4)
    -7739.8295898438 .....................#...................................... (   136: 4)
    -7739.8886718750 .....#...................................................... (   137: 4)
    -7739.8295898438 .............#.............................................. (   144: 4)
    -7739.8886718750 ...#........................................................ (   145: 4)
    -7739.8295898438 ...............#............................................ (   148: 4)
    -7739.8886718750 .....#...................................................... (   149: 4)
    -7739.8295898438 ...................#........................................ (   154: 4)
    -7739.8886718750 ...#........................................................ (   156: 4)
    -7739.8295898438 .......................#.................................... (   158: 4)
    -7739.8886718750 .#.......................................................... (   159: 4)
    -7739.8295898438 ......................#..................................... (   160: 4)
    -7739.8886718750 ...#........................................................ (   161: 4)
    -7739.8295898438 ..............#............................................. (   166: 4)
    -7739.8886718750 ...........#................................................ (   167: 4)
    -7739.8295898438 .............#.............................................. (   175: 4)
    -7739.8886718750 ...#........................................................ (   176: 4)
    -7739.8295898438 .................#.......................................... (   177: 4)
    -7739.8886718750 ....#....................................................... (   178: 4)
    -7739.8295898438 .............#.............................................. (   183: 4)
    -7739.8886718750 ...#........................................................ (   184: 4)
    -7739.8295898438 .....................#...................................... (   190: 4)
    -7739.8886718750 ...........#................................................ (   191: 4)
    -7739.8295898438 .....................#...................................... (   193: 4)
    -7739.8886718750 .....#...................................................... (   194: 4)
    -7739.8295898438 ..............#............................................. (   197: 4)
    -7739.8886718750 .#.......................................................... (   198: 4)
filename: c1319016547.gin
 energia:   -7739.88867    
Random substitution without cost
    -7739.8886718750 ..#.........................................................      3
==============================================
MonteCarlo: Metropolis with identity changes
Si > Ge, Ge > Si. STOP when occurrence <    0.00000
==============================================
Cost_function     Occurrence %     Scan-Cost
    -7739.8886718750 .......#.................................................... (     0: 5)
    -7739.8295898438 .................#.......................................... (     4: 5)
    -7739.8886718750 ..#......................................................... (     6: 5)
    -7739.8295898438 ....................#....................................... (    10: 5)
    -7739.8886718750 ...#........................................................ (    11: 5)
    -7739.8295898438 .....................#...................................... (    13: 5)
    -7739.8886718750 .....#...................................................... (    14: 5)
    -7739.8295898438 .................#.......................................... (    31: 5)
    -7739.8886718750 ...#........................................................ (    33: 5)
    -7739.8295898438 ......................#..................................... (    35: 5)
    -7739.8886718750 ..#......................................................... (    36: 5)
    -7739.8295898438 ......................#..................................... (    37: 5)
    -7739.8886718750 ...#........................................................ (    38: 5)
    -7739.8295898438 ..............#............................................. (    43: 5)
    -7739.8886718750 .......#.................................................... (    45: 5)
    -7739.8295898438 ............#............................................... (    49: 5)
    -7739.8886718750 .......#.................................................... (    50: 5)
    -7739.8295898438 .....................#...................................... (    52: 5)
    -7739.8886718750 .....#...................................................... (    53: 5)
    -7739.8295898438 .............#.............................................. (    60: 5)
    -7739.8886718750 ...#........................................................ (    61: 5)
    -7739.8295898438 ...............#............................................ (    64: 5)
    -7739.8886718750 .....#...................................................... (    65: 5)
    -7739.8295898438 ...................#........................................ (    70: 5)
    -7739.8886718750 ...#........................................................ (    72: 5)
    -7739.8295898438 .......................#.................................... (    74: 5)
    -7739.8886718750 .#.......................................................... (    75: 5)
    -7739.8295898438 ......................#..................................... (    76: 5)
    -7739.8886718750 ...#........................................................ (    77: 5)
    -7739.8295898438 ..............#............................................. (    82: 5)
    -7739.8886718750 ...........#................................................ (    83: 5)
    -7739.8295898438 .............#.............................................. (    91: 5)
    -7739.8886718750 ...#........................................................ (    92: 5)
    -7739.8295898438 .................#.......................................... (    93: 5)
    -7739.8886718750 ....#....................................................... (    94: 5)
    -7739.8295898438 .............#.............................................. (    99: 5)
    -7739.8886718750 ...#........................................................ (   100: 5)
    -7739.8295898438 .....................#...................................... (   106: 5)
    -7739.8886718750 ...........#................................................ (   107: 5)
    -7739.8295898438 .....................#...................................... (   109: 5)
    -7739.8886718750 .....#...................................................... (   110: 5)
    -7739.8295898438 ..............#............................................. (   113: 5)
    -7739.8886718750 .#.......................................................... (   114: 5)
    -7739.8295898438 .................#.......................................... (   120: 5)
    -7739.8886718750 ...........#................................................ (   122: 5)
    -7739.8295898438 .................#.......................................... (   132: 5)
    -7739.8886718750 ........#................................................... (   134: 5)
    -7739.8295898438 ....................#....................................... (   138: 5)
    -7739.8886718750 ...#........................................................ (   139: 5)
    -7739.8295898438 ......................#..................................... (   141: 5)
    -7739.8886718750 .....#...................................................... (   142: 5)
    -7739.8295898438 .................#.......................................... (   159: 5)
    -7739.8886718750 ...#........................................................ (   161: 5)
    -7739.8295898438 .....................#...................................... (   165: 5)
    -7739.8886718750 .#.......................................................... (   166: 5)
    -7739.8295898438 .................#.......................................... (   171: 5)
    -7739.8886718750 ..#......................................................... (   173: 5)
    -7739.8295898438 ....................#....................................... (   177: 5)
    -7739.8886718750 ...#........................................................ (   178: 5)
    -7739.8295898438 .....................#...................................... (   180: 5)
    -7739.8886718750 .....#...................................................... (   181: 5)
    -7739.8295898438 .................#.......................................... (   198: 5)
    -7739.8886718750 ...#........................................................ (   200: 5)
filename: c0108780536.gin
 energia:   -7739.88867    
Repulsive substitution with cost-function:
cost = 1/(s - p0),  p0 = 3.40 10^-10 m, if s >= p0
cost =   10000000.000 if s <  p0
     Crystalographic positions                  Cost     Label
    -7739.8295898438 ..............#.............................................     15
==============================================
MonteCarlo: Metropolis with identity changes
Si > Ge, Ge > Si. STOP when occurrence <    0.00000
==============================================
Cost_function     Occurrence %     Scan-Cost
    -7739.8295898438 ....................#....................................... (     0: 6)
    -7739.8886718750 ....#....................................................... (     1: 6)
    -7739.8295898438 ......................#..................................... (     2: 6)
    -7739.8886718750 ...........#................................................ (     3: 6)
    -7739.8295898438 .................#.......................................... (     6: 6)
    -7739.8886718750 ....#....................................................... (     7: 6)
    -7739.8295898438 ............#............................................... (     8: 6)
    -7739.8886718750 ...........#................................................ (     9: 6)
    -7739.8295898438 ............#............................................... (    14: 6)
    -7739.8886718750 .......#.................................................... (    15: 6)
    -7739.8295898438 ....................#....................................... (    41: 6)
    -7739.8886718750 ....#....................................................... (    42: 6)
    -7739.8295898438 .......................#.................................... (    43: 6)
    -7739.8886718750 ...........#................................................ (    44: 6)
    -7739.8295898438 ...............#............................................ (    48: 6)
    -7739.8886718750 ...........#................................................ (    50: 6)
    -7739.8295898438 ..................#......................................... (    65: 6)
    -7739.8886718750 ...#........................................................ (    67: 6)
    -7739.8295898438 ......................#..................................... (    78: 6)
    -7739.8886718750 ....#....................................................... (    79: 6)
    -7739.8295898438 ..................#......................................... (    89: 6)
    -7739.8886718750 ...........#................................................ (    91: 6)
    -7739.8295898438 .............#.............................................. (   100: 6)
    -7739.8886718750 ....#....................................................... (   101: 6)
    -7739.8295898438 ................#........................................... (   102: 6)
    -7739.8886718750 #........................................................... (   104: 6)
    -7739.8295898438 ......................#..................................... (   106: 6)
    -7739.8886718750 .....#...................................................... (   107: 6)
    -7739.8295898438 ....................#....................................... (   117: 6)
    -7739.8886718750 ....#....................................................... (   118: 6)
    -7739.8295898438 ......................#..................................... (   119: 6)
    -7739.8886718750 ...........#................................................ (   120: 6)
    -7739.8295898438 .................#.......................................... (   123: 6)
    -7739.8886718750 ....#....................................................... (   124: 6)
    -7739.8295898438 ............#............................................... (   125: 6)
    -7739.8886718750 ...........#................................................ (   126: 6)
    -7739.8295898438 ............#............................................... (   131: 6)
    -7739.8886718750 .......#.................................................... (   132: 6)
    -7739.8295898438 ....................#....................................... (   158: 6)
    -7739.8886718750 ....#....................................................... (   159: 6)
    -7739.8295898438 .......................#.................................... (   160: 6)
    -7739.8886718750 ...........#................................................ (   161: 6)
    -7739.8295898438 ...............#............................................ (   165: 6)
    -7739.8886718750 ...........#................................................ (   167: 6)
    -7739.8295898438 ..................#......................................... (   182: 6)
    -7739.8886718750 ...#........................................................ (   184: 6)
    -7739.8295898438 ......................#..................................... (   195: 6)
    -7739.8886718750 ....#....................................................... (   196: 6)
filename: c1967218835.gin
 energia:   -7739.88867    
Repulsive substitution with cost-function:
cost = 1/(s - p0),  p0 = 3.40 10^-10 m, if s >= p0
cost =   10000000.000 if s <  p0
     Crystalographic positions                  Cost     Label
    -7739.0283203125 .......................................................#....     56
==============================================
MonteCarlo: Metropolis with identity changes
Si > Ge, Ge > Si. STOP when occurrence <    0.00000
==============================================
Cost_function     Occurrence %     Scan-Cost
    -7739.8886718750 ..........#................................................. (     0: 7)
    -7739.8295898438 ....................#....................................... (     5: 7)
    -7739.8886718750 ........#................................................... (     6: 7)
    -7739.8295898438 ............#............................................... (     7: 7)
    -7739.8886718750 ........#................................................... (     8: 7)
    -7739.8295898438 ....................#....................................... (    13: 7)
    -7739.8886718750 ....#....................................................... (    14: 7)
    -7739.8295898438 ......................#..................................... (    15: 7)
    -7739.8886718750 ...........#................................................ (    16: 7)
    -7739.8295898438 .................#.......................................... (    19: 7)
    -7739.8886718750 ....#....................................................... (    20: 7)
    -7739.8295898438 ............#............................................... (    21: 7)
    -7739.8886718750 ...........#................................................ (    22: 7)
    -7739.8295898438 ............#............................................... (    27: 7)
    -7739.8886718750 .......#.................................................... (    28: 7)
    -7739.8295898438 ....................#....................................... (    54: 7)
    -7739.8886718750 ....#....................................................... (    55: 7)
    -7739.8295898438 .......................#.................................... (    56: 7)
    -7739.8886718750 ...........#................................................ (    57: 7)
    -7739.8295898438 ...............#............................................ (    61: 7)
    -7739.8886718750 ...........#................................................ (    63: 7)
    -7739.8295898438 ..................#......................................... (    78: 7)
    -7739.8886718750 ...#........................................................ (    80: 7)
    -7739.8295898438 ......................#..................................... (    91: 7)
    -7739.8886718750 ....#....................................................... (    92: 7)
    -7739.8295898438 ..................#......................................... (   102: 7)
    -7739.8886718750 ...........#................................................ (   104: 7)
    -7739.8295898438 .............#.............................................. (   113: 7)
    -7739.8886718750 ....#....................................................... (   114: 7)
    -7739.8295898438 ................#........................................... (   115: 7)
    -7739.8886718750 #........................................................... (   117: 7)
    -7739.8295898438 ......................#..................................... (   119: 7)
    -7739.8886718750 .....#...................................................... (   120: 7)
    -7739.8295898438 ....................#....................................... (   130: 7)
    -7739.8886718750 ....#....................................................... (   131: 7)
    -7739.8295898438 ......................#..................................... (   132: 7)
    -7739.8886718750 ...........#................................................ (   133: 7)
    -7739.8295898438 .................#.......................................... (   136: 7)
    -7739.8886718750 ....#....................................................... (   137: 7)
    -7739.8295898438 ............#............................................... (   138: 7)
    -7739.8886718750 ...........#................................................ (   139: 7)
    -7739.8295898438 ............#............................................... (   144: 7)
    -7739.8886718750 .......#.................................................... (   145: 7)
    -7739.8295898438 ....................#....................................... (   171: 7)
    -7739.8886718750 ....#....................................................... (   172: 7)
    -7739.8295898438 .......................#.................................... (   173: 7)
    -7739.8886718750 ...........#................................................ (   174: 7)
    -7739.8295898438 ...............#............................................ (   178: 7)
    -7739.8886718750 ...........#................................................ (   180: 7)
    -7739.8295898438 ..................#......................................... (   195: 7)
    -7739.8886718750 ...#........................................................ (   197: 7)
filename: c0970659222.gin
 energia:   -7739.88867    
Random substitution without cost
    -7739.8295898438 ....................#.......................................     21
==============================================
MonteCarlo: Metropolis with identity changes
Si > Ge, Ge > Si. STOP when occurrence <    0.00000
==============================================
Cost_function     Occurrence %     Scan-Cost
    -7739.8886718750 ..#......................................................... (     0: 8)
    -7739.8295898438 ...............#............................................ (     1: 8)
    -7739.8886718750 ..#......................................................... (     2: 8)
    -7739.8295898438 ...............#............................................ (    10: 8)
    -7739.8886718750 .....#...................................................... (    11: 8)
    -7739.8295898438 ...................#........................................ (    16: 8)
    -7739.8886718750 ...#........................................................ (    18: 8)
    -7739.8295898438 .............#.............................................. (    20: 8)
    -7739.8886718750 ..#......................................................... (    21: 8)
    -7739.8295898438 ......................#..................................... (    22: 8)
    -7739.8886718750 ...#........................................................ (    23: 8)
    -7739.8295898438 ..............#............................................. (    28: 8)
    -7739.8886718750 ...........#................................................ (    29: 8)
    -7739.8295898438 ...............#............................................ (    34: 8)
    -7739.8886718750 .......#.................................................... (    35: 8)
    -7739.8295898438 .....................#...................................... (    37: 8)
    -7739.8886718750 ...#........................................................ (    38: 8)
    -7739.8295898438 .............#.............................................. (    45: 8)
    -7739.8886718750 ...#........................................................ (    46: 8)
    -7739.8295898438 ..............#............................................. (    59: 8)
    -7739.8886718750 .#.......................................................... (    60: 8)
    -7739.8295898438 ......................#..................................... (    61: 8)
    -7739.8886718750 ...#........................................................ (    62: 8)
    -7739.8295898438 ......................#..................................... (    66: 8)
    -7739.8886718750 ...........#................................................ (    68: 8)
    -7739.8295898438 .............#.............................................. (    76: 8)
    -7739.8886718750 ...#........................................................ (    77: 8)
    -7739.8295898438 .................#.......................................... (    78: 8)
    -7739.8886718750 ....#....................................................... (    80: 8)
    -7739.8295898438 .............#.............................................. (    84: 8)
    -7739.8886718750 ...#........................................................ (    85: 8)
    -7739.8295898438 .................#.......................................... (   105: 8)
    -7739.8886718750 ...#........................................................ (   107: 8)
    -7739.8295898438 .................#.......................................... (   117: 8)
    -7739.8886718750 ..#......................................................... (   119: 8)
    -7739.8295898438 ....................#....................................... (   123: 8)
    -7739.8886718750 ...#........................................................ (   124: 8)
    -7739.8295898438 .....................#...................................... (   126: 8)
    -7739.8886718750 .....#...................................................... (   127: 8)
    -7739.8295898438 ..............#............................................. (   137: 8)
    -7739.8886718750 .#.......................................................... (   138: 8)
    -7739.8295898438 .................#.......................................... (   144: 8)
    -7739.8886718750 ...#........................................................ (   146: 8)
    -7739.8295898438 .....................#...................................... (   150: 8)
    -7739.8886718750 .#.......................................................... (   151: 8)
    -7739.8295898438 .................#.......................................... (   156: 8)
    -7739.8886718750 .......#.................................................... (   158: 8)
    -7739.8295898438 ....................#....................................... (   162: 8)
    -7739.8886718750 .......#.................................................... (   163: 8)
    -7739.8295898438 .....................#...................................... (   165: 8)
    -7739.8886718750 .....#...................................................... (   166: 8)
    -7739.8295898438 ...............#............................................ (   177: 8)
    -7739.8886718750 .....#...................................................... (   178: 8)
    -7739.8295898438 ...................#........................................ (   183: 8)
    -7739.8886718750 ...#........................................................ (   185: 8)
    -7739.8295898438 .............#.............................................. (   187: 8)
    -7739.8886718750 ..#......................................................... (   188: 8)
    -7739.8295898438 ......................#..................................... (   189: 8)
    -7739.8886718750 ...#........................................................ (   190: 8)
    -7739.8295898438 ..............#............................................. (   195: 8)
    -7739.8886718750 ...........#................................................ (   196: 8)
filename: c1504624725.gin
 energia:   -7739.88867    
Repulsive substitution with cost-function:
cost = 1/(s - p0),  p0 = 3.40 10^-10 m, if s >= p0
cost =   10000000.000 if s <  p0
     Crystalographic positions                  Cost     Label
    -7739.8886718750 .....#......................................................      6
==============================================
MonteCarlo: Metropolis with identity changes
Si > Ge, Ge > Si. STOP when occurrence <    0.00000
==============================================
Cost_function     Occurrence %     Scan-Cost
    -7739.8886718750 .#.......................................................... (     0: 9)
    -7739.8295898438 ...............#............................................ (     1: 9)
    -7739.8886718750 ...........#................................................ (     2: 9)
    -7739.8295898438 .....................#...................................... (     4: 9)
    -7739.8886718750 ...........#................................................ (     6: 9)
    -7739.8295898438 ...............#............................................ (     7: 9)
    -7739.8886718750 ......#..................................................... (     8: 9)
    -7739.8295898438 ..............#............................................. (     9: 9)
    -7739.8886718750 ...........#................................................ (    11: 9)
    -7739.8295898438 ............#............................................... (    16: 9)
    -7739.8886718750 .......#.................................................... (    17: 9)
    -7739.8295898438 ....................#....................................... (    27: 9)
    -7739.8886718750 .......#.................................................... (    28: 9)
    -7739.8295898438 .................#.......................................... (    43: 9)
    -7739.8886718750 ....#....................................................... (    44: 9)
    -7739.8295898438 ...............#............................................ (    50: 9)
    -7739.8886718750 ...........#................................................ (    52: 9)
    -7739.8295898438 ..................#......................................... (    61: 9)
    -7739.8886718750 .........#.................................................. (    62: 9)
    -7739.8295898438 ..................#......................................... (    67: 9)
    -7739.8886718750 ...#........................................................ (    69: 9)
    -7739.8295898438 ......................#..................................... (    80: 9)
    -7739.8886718750 ...........#................................................ (    81: 9)
    -7739.8295898438 .................#.......................................... (    84: 9)
    -7739.8886718750 ....#....................................................... (    85: 9)
    -7739.8295898438 ..................#......................................... (    91: 9)
    -7739.8886718750 ...........#................................................ (    93: 9)
    -7739.8295898438 ................#........................................... (   102: 9)
    -7739.8886718750 ....#....................................................... (   103: 9)
    -7739.8295898438 ................#........................................... (   104: 9)
    -7739.8886718750 ...#........................................................ (   106: 9)
    -7739.8295898438 ......................#..................................... (   108: 9)
    -7739.8886718750 .....#...................................................... (   109: 9)
    -7739.8295898438 ....................#....................................... (   119: 9)
    -7739.8886718750 ....#....................................................... (   120: 9)
    -7739.8295898438 ....................#....................................... (   121: 9)
    -7739.8886718750 ...........#................................................ (   122: 9)
    -7739.8295898438 .................#.......................................... (   125: 9)
    -7739.8886718750 ...........#................................................ (   128: 9)
    -7739.8295898438 ............#............................................... (   133: 9)
    -7739.8886718750 .......#.................................................... (   134: 9)
    -7739.8295898438 ....................#....................................... (   144: 9)
    -7739.8886718750 .......#.................................................... (   145: 9)
    -7739.8295898438 .................#.......................................... (   160: 9)
    -7739.8886718750 ....#....................................................... (   161: 9)
    -7739.8295898438 ...............#............................................ (   167: 9)
    -7739.8886718750 ...........#................................................ (   169: 9)
    -7739.8295898438 ..................#......................................... (   178: 9)
    -7739.8886718750 .........#.................................................. (   179: 9)
    -7739.8295898438 ..................#......................................... (   184: 9)
    -7739.8886718750 ...#........................................................ (   186: 9)
    -7739.8295898438 ......................#..................................... (   197: 9)
    -7739.8886718750 ...........#................................................ (   198: 9)
filename: c0580404687.gin
 energia:   -7739.88867    
Repulsive substitution with cost-function:
cost = 1/(s - p0),  p0 = 3.40 10^-10 m, if s >= p0
cost =   10000000.000 if s <  p0
     Crystalographic positions                  Cost     Label
    -7739.6201171875 ..........................#.................................     27
==============================================
MonteCarlo: Metropolis with identity changes
Si > Ge, Ge > Si. STOP when occurrence <    0.00000
==============================================
Cost_function     Occurrence %     Scan-Cost
    -7739.8886718750 #........................................................... (     0:10)
    -7739.8295898438 ...............#............................................ (     1:10)
    -7739.8886718750 .....#...................................................... (     2:10)
    -7739.8295898438 .....................#...................................... (     4:10)
    -7739.8886718750 .....#...................................................... (     5:10)
    -7739.8295898438 ..............#............................................. (    15:10)
    -7739.8886718750 .#.......................................................... (    16:10)
    -7739.8295898438 .................#.......................................... (    22:10)
    -7739.8886718750 ...#........................................................ (    24:10)
    -7739.8295898438 .....................#...................................... (    28:10)
    -7739.8886718750 .#.......................................................... (    29:10)
    -7739.8295898438 .................#.......................................... (    34:10)
    -7739.8886718750 .......#.................................................... (    36:10)
    -7739.8295898438 ....................#....................................... (    40:10)
    -7739.8886718750 .......#.................................................... (    41:10)
    -7739.8295898438 .....................#...................................... (    43:10)
    -7739.8886718750 .....#...................................................... (    44:10)
    -7739.8295898438 ...............#............................................ (    55:10)
    -7739.8886718750 .....#...................................................... (    56:10)
    -7739.8295898438 ...................#........................................ (    61:10)
    -7739.8886718750 ...#........................................................ (    63:10)
    -7739.8295898438 .............#.............................................. (    65:10)
    -7739.8886718750 ..#......................................................... (    66:10)
    -7739.8295898438 ......................#..................................... (    67:10)
    -7739.8886718750 ...#........................................................ (    68:10)
    -7739.8295898438 ..............#............................................. (    73:10)
    -7739.8886718750 ...........#................................................ (    74:10)
    -7739.8295898438 ...............#............................................ (    79:10)
    -7739.8886718750 .......#.................................................... (    80:10)
    -7739.8295898438 .....................#...................................... (    82:10)
    -7739.8886718750 ...#........................................................ (    83:10)
    -7739.8295898438 .............#.............................................. (    90:10)
    -7739.8886718750 ...#........................................................ (    91:10)
    -7739.8295898438 ..............#............................................. (   104:10)
    -7739.8886718750 .#.......................................................... (   105:10)
    -7739.8295898438 ......................#..................................... (   106:10)
    -7739.8886718750 ...#........................................................ (   107:10)
    -7739.8295898438 ......................#..................................... (   111:10)
    -7739.8886718750 ...........#................................................ (   113:10)
    -7739.8295898438 .............#.............................................. (   121:10)
    -7739.8886718750 ...#........................................................ (   122:10)
    -7739.8295898438 .................#.......................................... (   123:10)
    -7739.8886718750 ....#....................................................... (   125:10)
    -7739.8295898438 .............#.............................................. (   129:10)
    -7739.8886718750 ...#........................................................ (   130:10)
    -7739.8295898438 .................#.......................................... (   150:10)
    -7739.8886718750 ...#........................................................ (   152:10)
    -7739.8295898438 .................#.......................................... (   162:10)
    -7739.8886718750 ..#......................................................... (   164:10)
    -7739.8295898438 ....................#....................................... (   168:10)
    -7739.8886718750 ...#........................................................ (   169:10)
    -7739.8295898438 .....................#...................................... (   171:10)
    -7739.8886718750 .....#...................................................... (   172:10)
    -7739.8295898438 ..............#............................................. (   182:10)
    -7739.8886718750 .#.......................................................... (   183:10)
    -7739.8295898438 .................#.......................................... (   189:10)
    -7739.8886718750 ...#........................................................ (   191:10)
    -7739.8295898438 .....................#...................................... (   195:10)
    -7739.8886718750 .#.......................................................... (   196:10)
filename: c1113908317.gin
 energia:   -7739.88867    
 STOP   0.00000000      -286.652588      -7739.88867    
